<?xml version="1.0" encoding="UTF-8"?>
<testng-results skipped="0" failed="0" ignored="0" total="1" passed="1">
  <reporter-output>
  </reporter-output>
  <suite name="Default suite" duration-ms="6205" started-at="2017-03-23T16:36:01Z" finished-at="2017-03-23T16:36:07Z">
    <groups>
    </groups>
    <test name="Default test" duration-ms="6205" started-at="2017-03-23T16:36:01Z" finished-at="2017-03-23T16:36:07Z">
      <class name="Test.GmailLoginTest">
        <test-method status="PASS" signature="gmailSingup()[pri:0, instance:Test.GmailLoginTest@47987356]" name="gmailSingup" duration-ms="6178" started-at="2017-03-23T22:06:01Z" finished-at="2017-03-23T22:06:07Z">
          <reporter-output>
          </reporter-output>
        </test-method> <!-- gmailSingup -->
      </class> <!-- Test.GmailLoginTest -->
    </test> <!-- Default test -->
  </suite> <!-- Default suite -->
</testng-results>
